# JRE version: Java(TM) SE Runtime Environment (8.0_191-b12) (build 1.8.0_191-b12)
# Java VM: Java HotSpot(TM) Client VM (25.191-b12 mixed mode windows-x86 )
Heap:
 def new generation   total 90432K, used 36763K [0x05400000, 0x0b610000, 0x0fea0000)
  eden space 80448K,  45% used [0x05400000, 0x077da800, 0x0a290000)
  from space 9984K,   0% used [0x0a290000, 0x0a29c650, 0x0ac50000)
  to   space 9984K,   0% used [0x0ac50000, 0x0ac50000, 0x0b610000)
 tenured generation   total 200688K, used 89884K [0x0fea0000, 0x1c29c000, 0x25400000)
   the space 200688K,  44% used [0x0fea0000, 0x15667018, 0x15667200, 0x1c29c000)
 Metaspace       used 25411K, capacity 25931K, committed 26112K, reserved 27008K
GC Heap History (10 events):
Event: 1914394.537 GC heap before
{Heap before GC invocations=2252 (full 10):
 def new generation   total 90432K, used 80519K [0x05400000, 0x0b610000, 0x0fea0000)
  eden space 80448K, 100% used [0x05400000, 0x0a290000, 0x0a290000)
  from space 9984K,   0% used [0x0ac50000, 0x0ac61dc8, 0x0b610000)
  to   space 9984K,   0% used [0x0a290000, 0x0a290000, 0x0ac50000)
 tenured generation   total 200688K, used 89879K [0x0fea0000, 0x1c29c000, 0x25400000)
   the space 200688K,  44% used [0x0fea0000, 0x15665ca8, 0x15665e00, 0x1c29c000)
 Metaspace       used 25411K, capacity 25931K, committed 26112K, reserved 27008K
Event: 1914394.538 GC heap after
Heap after GC invocations=2253 (full 10):
 def new generation   total 90432K, used 72K [0x05400000, 0x0b610000, 0x0fea0000)
  eden space 80448K,   0% used [0x05400000, 0x05400000, 0x0a290000)
  from space 9984K,   0% used [0x0a290000, 0x0a2a2048, 0x0ac50000)
  to   space 9984K,   0% used [0x0ac50000, 0x0ac50000, 0x0b610000)
 tenured generation   total 200688K, used 89879K [0x0fea0000, 0x1c29c000, 0x25400000)
   the space 200688K,  44% used [0x0fea0000, 0x15665f48, 0x15666000, 0x1c29c000)
 Metaspace       used 25411K, capacity 25931K, committed 26112K, reserved 27008K
}
Event: 1915275.056 GC heap before
{Heap before GC invocations=2253 (full 10):
 def new generation   total 90432K, used 80520K [0x05400000, 0x0b610000, 0x0fea0000)
  eden space 80448K, 100% used [0x05400000, 0x0a290000, 0x0a290000)
  from space 9984K,   0% used [0x0a290000, 0x0a2a2048, 0x0ac50000)
  to   space 9984K,   0% used [0x0ac50000, 0x0ac50000, 0x0b610000)
 tenured generation   total 200688K, used 89879K [0x0fea0000, 0x1c29c000, 0x25400000)
   the space 200688K,  44% used [0x0fea0000, 0x15665f48, 0x15666000, 0x1c29c000)
 Metaspace       used 25411K, capacity 25931K, committed 26112K, reserved 27008K
Event: 1915275.057 GC heap after
Heap after GC invocations=2254 (full 10):
 def new generation   total 90432K, used 70K [0x05400000, 0x0b610000, 0x0fea0000)
  eden space 80448K,   0% used [0x05400000, 0x05400000, 0x0a290000)
  from space 9984K,   0% used [0x0ac50000, 0x0ac61918, 0x0b610000)
  to   space 9984K,   0% used [0x0a290000, 0x0a290000, 0x0ac50000)
 tenured generation   total 200688K, used 89879K [0x0fea0000, 0x1c29c000, 0x25400000)
   the space 200688K,  44% used [0x0fea0000, 0x15665f48, 0x15666000, 0x1c29c000)
 Metaspace       used 25411K, capacity 25931K, committed 26112K, reserved 27008K
}
Event: 1916183.698 GC heap before
{Heap before GC invocations=2254 (full 10):
 def new generation   total 90432K, used 80518K [0x05400000, 0x0b610000, 0x0fea0000)
  eden space 80448K, 100% used [0x05400000, 0x0a290000, 0x0a290000)
  from space 9984K,   0% used [0x0ac50000, 0x0ac61918, 0x0b610000)
  to   space 9984K,   0% used [0x0a290000, 0x0a290000, 0x0ac50000)
 tenured generation   total 200688K, used 89879K [0x0fea0000, 0x1c29c000, 0x25400000)
   the space 200688K,  44% used [0x0fea0000, 0x15665f48, 0x15666000, 0x1c29c000)
 Metaspace       used 25411K, capacity 25931K, committed 26112K, reserved 27008K
Event: 1916183.699 GC heap after
Heap after GC invocations=2255 (full 10):
 def new generation   total 90432K, used 64K [0x05400000, 0x0b610000, 0x0fea0000)
  eden space 80448K,   0% used [0x05400000, 0x05400000, 0x0a290000)
  from space 9984K,   0% used [0x0a290000, 0x0a2a01b8, 0x0ac50000)
  to   space 9984K,   0% used [0x0ac50000, 0x0ac50000, 0x0b610000)
 tenured generation   total 200688K, used 89879K [0x0fea0000, 0x1c29c000, 0x25400000)
   the space 200688K,  44% used [0x0fea0000, 0x15665f48, 0x15666000, 0x1c29c000)
 Metaspace       used 25411K, capacity 25931K, committed 26112K, reserved 27008K
}
Event: 1917031.798 GC heap before
{Heap before GC invocations=2255 (full 10):
 def new generation   total 90432K, used 80512K [0x05400000, 0x0b610000, 0x0fea0000)
  eden space 80448K, 100% used [0x05400000, 0x0a290000, 0x0a290000)
  from space 9984K,   0% used [0x0a290000, 0x0a2a01b8, 0x0ac50000)
  to   space 9984K,   0% used [0x0ac50000, 0x0ac50000, 0x0b610000)
 tenured generation   total 200688K, used 89879K [0x0fea0000, 0x1c29c000, 0x25400000)
   the space 200688K,  44% used [0x0fea0000, 0x15665f48, 0x15666000, 0x1c29c000)
 Metaspace       used 25411K, capacity 25931K, committed 26112K, reserved 27008K
Event: 1917031.799 GC heap after
Heap after GC invocations=2256 (full 10):
 def new generation   total 90432K, used 73K [0x05400000, 0x0b610000, 0x0fea0000)
  eden space 80448K,   0% used [0x05400000, 0x05400000, 0x0a290000)
  from space 9984K,   0% used [0x0ac50000, 0x0ac626e0, 0x0b610000)
  to   space 9984K,   0% used [0x0a290000, 0x0a290000, 0x0ac50000)
 tenured generation   total 200688K, used 89879K [0x0fea0000, 0x1c29c000, 0x25400000)
   the space 200688K,  44% used [0x0fea0000, 0x15665f48, 0x15666000, 0x1c29c000)
 Metaspace       used 25411K, capacity 25931K, committed 26112K, reserved 27008K
}
Event: 1917856.808 GC heap before
{Heap before GC invocations=2256 (full 10):
 def new generation   total 90432K, used 80521K [0x05400000, 0x0b610000, 0x0fea0000)
  eden space 80448K, 100% used [0x05400000, 0x0a290000, 0x0a290000)
  from space 9984K,   0% used [0x0ac50000, 0x0ac626e0, 0x0b610000)
  to   space 9984K,   0% used [0x0a290000, 0x0a290000, 0x0ac50000)
 tenured generation   total 200688K, used 89879K [0x0fea0000, 0x1c29c000, 0x25400000)
   the space 200688K,  44% used [0x0fea0000, 0x15665f48, 0x15666000, 0x1c29c000)
 Metaspace       used 25411K, capacity 25931K, committed 26112K, reserved 27008K
Event: 1917856.809 GC heap after
Heap after GC invocations=2257 (full 10):
 def new generation   total 90432K, used 49K [0x05400000, 0x0b610000, 0x0fea0000)
  eden space 80448K,   0% used [0x05400000, 0x05400000, 0x0a290000)
  from space 9984K,   0% used [0x0a290000, 0x0a29c650, 0x0ac50000)
  to   space 9984K,   0% used [0x0ac50000, 0x0ac50000, 0x0b610000)
 tenured generation   total 200688K, used 89884K [0x0fea0000, 0x1c29c000, 0x25400000)
   the space 200688K,  44% used [0x0fea0000, 0x15667018, 0x15667200, 0x1c29c000)
 Metaspace       used 25411K, capacity 25931K, committed 26112K, reserved 27008K
}

